# JRE version: OpenJDK Runtime Environment (17.0.6) (build 17.0.6+0-b2043.56-10027231)
# Java VM: OpenJDK 64-Bit Server VM (17.0.6+0-b2043.56-10027231, mixed mode, tiered, compressed oops, compressed class ptrs, g1 gc, windows-amd64)
GC Precious Log:
 CPUs: 16 total, 16 available
 Memory: 16334M
 Large Page Support: Disabled
 NUMA Support: Disabled
 Compressed Oops: Enabled (32-bit)
 Heap Region Size: 1M
 Heap Min Capacity: 8M
 Heap Initial Capacity: 256M
 Heap Max Capacity: 1536M
 Pre-touch: Disabled
 Parallel Workers: 13
 Concurrent Workers: 3
 Concurrent Refinement Workers: 13
 Periodic GC: Disabled
Heap:
 garbage-first heap   total 495616K, used 168983K [0x00000000a0000000, 0x0000000100000000)
  region size 1024K, 29 young (29696K), 0 survivors (0K)
 Metaspace       used 212087K, committed 215488K, reserved 1236992K
  class space    used 28256K, committed 29632K, reserved 1048576K
GC Heap History (20 events):
Event: 224.795 GC heap before
{Heap before GC invocations=146 (full 0):
 garbage-first heap   total 1101824K, used 449595K [0x00000000a0000000, 0x0000000100000000)
  region size 1024K, 53 young (54272K), 41 survivors (41984K)
 Metaspace       used 205977K, committed 208192K, reserved 1228800K
  class space    used 27706K, committed 28736K, reserved 1048576K
}
Event: 224.810 GC heap after
{Heap after GC invocations=147 (full 0):
 garbage-first heap   total 1101824K, used 333091K [0x00000000a0000000, 0x0000000100000000)
  region size 1024K, 4 young (4096K), 4 survivors (4096K)
 Metaspace       used 205977K, committed 208192K, reserved 1228800K
  class space    used 27706K, committed 28736K, reserved 1048576K
}
Event: 227.679 GC heap before
{Heap before GC invocations=147 (full 0):
 garbage-first heap   total 1101824K, used 382243K [0x00000000a0000000, 0x0000000100000000)
  region size 1024K, 53 young (54272K), 4 survivors (4096K)
 Metaspace       used 206085K, committed 208320K, reserved 1228800K
  class space    used 27724K, committed 28736K, reserved 1048576K
}
Event: 227.684 GC heap after
{Heap after GC invocations=148 (full 0):
 garbage-first heap   total 1101824K, used 334979K [0x00000000a0000000, 0x0000000100000000)
  region size 1024K, 7 young (7168K), 7 survivors (7168K)
 Metaspace       used 206085K, committed 208320K, reserved 1228800K
  class space    used 27724K, committed 28736K, reserved 1048576K
}
Event: 566.891 GC heap before
{Heap before GC invocations=148 (full 0):
 garbage-first heap   total 1101824K, used 827523K [0x00000000a0000000, 0x0000000100000000)
  region size 1024K, 490 young (501760K), 7 survivors (7168K)
 Metaspace       used 211798K, committed 214080K, reserved 1236992K
  class space    used 28453K, committed 29504K, reserved 1048576K
}
Event: 566.919 GC heap after
{Heap after GC invocations=149 (full 0):
 garbage-first heap   total 1101824K, used 386901K [0x00000000a0000000, 0x0000000100000000)
  region size 1024K, 57 young (58368K), 57 survivors (58368K)
 Metaspace       used 211798K, committed 214080K, reserved 1236992K
  class space    used 28453K, committed 29504K, reserved 1048576K
}
Event: 727.247 GC heap before
{Heap before GC invocations=150 (full 0):
 garbage-first heap   total 1101824K, used 1004373K [0x00000000a0000000, 0x0000000100000000)
  region size 1024K, 428 young (438272K), 57 survivors (58368K)
 Metaspace       used 212331K, committed 214656K, reserved 1236992K
  class space    used 28484K, committed 29568K, reserved 1048576K
}
Event: 727.280 GC heap after
{Heap after GC invocations=151 (full 0):
 garbage-first heap   total 1106944K, used 427915K [0x00000000a0000000, 0x0000000100000000)
  region size 1024K, 45 young (46080K), 45 survivors (46080K)
 Metaspace       used 212331K, committed 214656K, reserved 1236992K
  class space    used 28484K, committed 29568K, reserved 1048576K
}
Event: 727.306 GC heap before
{Heap before GC invocations=151 (full 0):
 garbage-first heap   total 1106944K, used 437131K [0x00000000a0000000, 0x0000000100000000)
  region size 1024K, 54 young (55296K), 45 survivors (46080K)
 Metaspace       used 212335K, committed 214656K, reserved 1236992K
  class space    used 28484K, committed 29568K, reserved 1048576K
}
Event: 727.325 GC heap after
{Heap after GC invocations=152 (full 0):
 garbage-first heap   total 1106944K, used 375808K [0x00000000a0000000, 0x0000000100000000)
  region size 1024K, 7 young (7168K), 7 survivors (7168K)
 Metaspace       used 212335K, committed 214656K, reserved 1236992K
  class space    used 28484K, committed 29568K, reserved 1048576K
}
Event: 1386.127 GC heap before
{Heap before GC invocations=152 (full 0):
 garbage-first heap   total 1106944K, used 842752K [0x00000000a0000000, 0x0000000100000000)
  region size 1024K, 465 young (476160K), 7 survivors (7168K)
 Metaspace       used 212943K, committed 215360K, reserved 1236992K
  class space    used 28524K, committed 29632K, reserved 1048576K
}
Event: 1386.153 GC heap after
{Heap after GC invocations=153 (full 0):
 garbage-first heap   total 1106944K, used 420533K [0x00000000a0000000, 0x0000000100000000)
  region size 1024K, 51 young (52224K), 51 survivors (52224K)
 Metaspace       used 212943K, committed 215360K, reserved 1236992K
  class space    used 28524K, committed 29632K, reserved 1048576K
}
Event: 1673.384 GC heap before
{Heap before GC invocations=154 (full 0):
 garbage-first heap   total 1106944K, used 993973K [0x00000000a0000000, 0x0000000100000000)
  region size 1024K, 437 young (447488K), 51 survivors (52224K)
 Metaspace       used 211950K, committed 215424K, reserved 1236992K
  class space    used 28245K, committed 29632K, reserved 1048576K
}
Event: 1673.418 GC heap after
{Heap after GC invocations=155 (full 0):
 garbage-first heap   total 1106944K, used 402693K [0x00000000a0000000, 0x0000000100000000)
  region size 1024K, 47 young (48128K), 47 survivors (48128K)
 Metaspace       used 211950K, committed 215424K, reserved 1236992K
  class space    used 28245K, committed 29632K, reserved 1048576K
}
Event: 1673.440 GC heap before
{Heap before GC invocations=155 (full 0):
 garbage-first heap   total 1106944K, used 409861K [0x00000000a0000000, 0x0000000100000000)
  region size 1024K, 54 young (55296K), 47 survivors (48128K)
 Metaspace       used 211950K, committed 215424K, reserved 1236992K
  class space    used 28245K, committed 29632K, reserved 1048576K
}
Event: 1673.466 GC heap after
{Heap after GC invocations=156 (full 0):
 garbage-first heap   total 1106944K, used 338944K [0x00000000a0000000, 0x0000000100000000)
  region size 1024K, 7 young (7168K), 7 survivors (7168K)
 Metaspace       used 211950K, committed 215424K, reserved 1236992K
  class space    used 28245K, committed 29632K, reserved 1048576K
}
Event: 1673.584 GC heap before
{Heap before GC invocations=156 (full 0):
 garbage-first heap   total 1106944K, used 376832K [0x00000000a0000000, 0x0000000100000000)
  region size 1024K, 46 young (47104K), 7 survivors (7168K)
 Metaspace       used 211962K, committed 215424K, reserved 1236992K
  class space    used 28246K, committed 29632K, reserved 1048576K
}
Event: 1673.590 GC heap after
{Heap after GC invocations=157 (full 0):
 garbage-first heap   total 1106944K, used 336897K [0x00000000a0000000, 0x0000000100000000)
  region size 1024K, 5 young (5120K), 5 survivors (5120K)
 Metaspace       used 211962K, committed 215424K, reserved 1236992K
  class space    used 28246K, committed 29632K, reserved 1048576K
}
Event: 5273.784 GC heap before
{Heap before GC invocations=158 (full 0):
 garbage-first heap   total 1106944K, used 685057K [0x00000000a0000000, 0x0000000100000000)
  region size 1024K, 174 young (178176K), 5 survivors (5120K)
 Metaspace       used 212072K, committed 215488K, reserved 1236992K
  class space    used 28253K, committed 29632K, reserved 1048576K
}
Event: 5273.951 GC heap after
{Heap after GC invocations=159 (full 1):
 garbage-first heap   total 495616K, used 140311K [0x00000000a0000000, 0x0000000100000000)
  region size 1024K, 0 young (0K), 0 survivors (0K)
 Metaspace       used 212072K, committed 215488K, reserved 1236992K
  class space    used 28253K, committed 29632K, reserved 1048576K
}

